
[10:24:42.958] 
[10:24:47.958] src/App.tsx(6,32): error TS2305: Module '"lucide-react"' has no exported member 'Heart'.
[10:24:47.960] src/App.tsx(6,39): error TS2305: Module '"lucide-react"' has no exported member 'Star'.
[10:24:47.960] src/components/FeedbackButton.tsx(1,1): error TS6133: 'React' is declared but its value is never read.
[10:24:47.962] src/components/FeedbackButton.tsx(3,10): error TS2305: Module '"lucide-react"' has no exported member 'MessageSquarePlus'.
[10:24:47.963] src/pages/TruthOrDare/App.tsx(5,58): error TS2305: Module '"lucide-react"' has no exported member 'ArrowLeft'.
[10:24:47.963] src/pages/TruthOrDare/components/AddQuestionModal.tsx(26,13): error TS2339: Property 'error' does not exist on type 'typeof import("react-hot-toast")'.
[10:24:47.963] src/pages/TruthOrDare/components/AddQuestionModal.tsx(34,7): error TS2561: Object literal may only specify known properties, but 'isCustom' does not exist in type 'Question'. Did you mean to write 'custom'?
[10:24:47.963] src/pages/TruthOrDare/components/AddQuestionModal.tsx(39,11): error TS2339: Property 'success' does not exist on type 'typeof import("react-hot-toast")'.
[10:24:47.963] src/pages/TruthOrDare/components/CategorySelect.tsx(53,25): error TS2345: Argument of type '"spicy" | "funny" | "deep" | "social" | "physical" | "creative" | "Party Time" | "Dating Drama" | "Life Regrets" | "Social Chaos"' is not assignable to parameter of type 'QuestionCategory'.
[10:24:47.963]   Type '"Party Time"' is not assignable to type 'QuestionCategory'.
[10:24:47.963] src/pages/TruthOrDare/components/GameBoard.tsx(2,75): error TS2305: Module '"lucide-react"' has no exported member 'MessageCircle'.
[10:24:47.963] src/pages/TruthOrDare/components/GameBoard.tsx(2,75): error TS6133: 'MessageCircle' is declared but its value is never read.
[10:24:47.964] src/pages/TruthOrDare/components/GameBoard.tsx(2,90): error TS2305: Module '"lucide-react"' has no exported member 'ArrowLeft'.
[10:24:47.964] src/pages/TruthOrDare/components/GameBoard.tsx(6,18): error TS6133: 'AnimatePresence' is declared but its value is never read.
[10:24:47.964] src/pages/TruthOrDare/components/GameBoard.tsx(39,13): error TS2339: Property 'error' does not exist on type 'typeof import("react-hot-toast")'.
[10:24:47.964] src/pages/TruthOrDare/components/GameBoard.tsx(72,11): error TS2339: Property 'success' does not exist on type 'typeof import("react-hot-toast")'.
[10:24:47.964] src/pages/TruthOrDare/components/GameBoard.tsx(75,9): error TS6133: 'getCategoryIcon' is declared but its value is never read.
[10:24:47.964] src/pages/TruthOrDare/components/GameModes.tsx(1,1): error TS6133: 'React' is declared but its value is never read.
[10:24:47.964] src/pages/TruthOrDare/components/GameModes.tsx(8,11): error TS2339: Property 'setChaosMode' does not exist on type 'GameState & GameActions'.
[10:24:47.964] src/pages/TruthOrDare/components/GameModes.tsx(8,25): error TS2339: Property 'setTimer' does not exist on type 'GameState & GameActions'.
[10:24:47.964] src/pages/TruthOrDare/components/PlayerProfileModal.tsx(24,10): error TS6133: 'activeField' is declared but its value is never read.
[10:24:47.964] src/pages/TruthOrDare/components/PlotTwist.tsx(1,1): error TS6133: 'React' is declared but its value is never read.
[10:24:47.964] src/pages/TruthOrDare/components/Question.tsx(52,39): error TS2339: Property 'option1' does not exist on type 'Question'.
[10:24:47.964] src/pages/TruthOrDare/components/Question.tsx(53,39): error TS2339: Property 'option2' does not exist on type 'Question'.
[10:24:47.964] src/pages/TruthOrDare/components/Question.tsx(73,22): error TS2322: Type 'number' is not assignable to type 'string'.
[10:24:47.964] src/pages/TruthOrDare/components/Question.tsx(75,14): error TS2739: Type '{ twist: string; }' is missing the following properties from type 'PlotTwistProps': isVisible, onClose
[10:24:47.964] src/pages/TruthOrDare/components/Reactions.tsx(1,1): error TS6133: 'React' is declared but its value is never read.
[10:24:47.964] src/pages/TruthOrDare/components/Timer.tsx(1,8): error TS6133: 'React' is declared but its value is never read.
[10:24:47.965] src/pages/TruthOrDare/data/questions.ts(1,10): error TS2440: Import declaration conflicts with local declaration of 'Question'.
[10:24:47.965] src/pages/TruthOrDare/data/questions.ts(29,5): error TS2322: Type 'string' is not assignable to type 'number'.
[10:24:47.965] src/pages/TruthOrDare/data/questions.ts(32,5): error TS2322: Type '"Party Time"' is not assignable to type 'QuestionCategory'.
[10:24:47.965] src/pages/TruthOrDare/data/questions.ts(36,5): error TS2322: Type 'string' is not assignable to type 'number'.
[10:24:47.965] src/pages/TruthOrDare/data/questions.ts(39,5): error TS2322: Type '"Party Time"' is not assignable to type 'QuestionCategory'.
[10:24:47.967] src/pages/TruthOrDare/data/questions.ts(44,5): error TS2322: Type 'string' is not assignable to type 'number'.
[10:24:47.967] src/pages/TruthOrDare/data/questions.ts(47,5): error TS2322: Type '"Dating Drama"' is not assignable to type 'QuestionCategory'.
[10:24:47.967] src/pages/TruthOrDare/data/questions.ts(52,5): error TS2322: Type 'string' is not assignable to type 'number'.
[10:24:47.967] src/pages/TruthOrDare/data/questions.ts(55,5): error TS2322: Type '"Life Regrets"' is not assignable to type 'QuestionCategory'.
[10:24:47.968] src/pages/TruthOrDare/data/questions.ts(60,5): error TS2322: Type 'string' is not assignable to type 'number'.
[10:24:47.968] src/pages/TruthOrDare/data/questions.ts(63,5): error TS2322: Type '"Social Chaos"' is not assignable to type 'QuestionCategory'.
[10:24:47.968] src/pages/TruthOrDare/data/questions.ts(69,5): error TS2353: Object literal may only specify known properties, and 'text' does not exist in type 'Question'.
[10:24:47.968] src/pages/TruthOrDare/data/questions.ts(74,5): error TS2353: Object literal may only specify known properties, and 'text' does not exist in type 'Question'.
[10:24:47.968] src/pages/TruthOrDare/data/questions.ts(79,5): error TS2353: Object literal may only specify known properties, and 'text' does not exist in type 'Question'.
[10:24:47.968] src/pages/TruthOrDare/data/questions.ts(85,5): error TS2353: Object literal may only specify known properties, and 'text' does not exist in type 'Question'.
[10:24:47.969] src/pages/TruthOrDare/data/questions.ts(90,5): error TS2353: Object literal may only specify known properties, and 'text' does not exist in type 'Question'.
[10:24:47.969] src/pages/TruthOrDare/data/questions.ts(95,5): error TS2353: Object literal may only specify known properties, and 'text' does not exist in type 'Question'.
[10:24:47.969] src/pages/TruthOrDare/data/questions.ts(100,5): error TS2353: Object literal may only specify known properties, and 'text' does not exist in type 'Question'.
[10:24:47.969] src/pages/TruthOrDare/data/questions.ts(105,5): error TS2353: Object literal may only specify known properties, and 'text' does not exist in type 'Question'.
[10:24:47.969] src/pages/TruthOrDare/hooks/useConfetti.tsx(5,11): error TS6196: 'ConfettiComponentProps' is declared but never used.
[10:24:47.970] src/pages/TruthOrDare/hooks/useGameQuestions.ts(12,90): error TS6133: 'currentPlayer' is declared but its value is never read.
[10:24:47.970] src/pages/TruthOrDare/hooks/useGameQuestions.ts(14,31): error TS7053: Element implicitly has an 'any' type because expression of type 'QuestionCategory' can't be used to index type '{ spicy: string[]; funny: string[]; deep: string[]; } | { physical: string[]; social: string[]; creative: string[]; }'.
[10:24:47.970]   Property 'spicy' does not exist on type '{ spicy: string[]; funny: string[]; deep: string[]; } | { physical: string[]; social: string[]; creative: string[]; }'.
[10:24:47.970] src/pages/TruthOrDare/hooks/useGameQuestions.ts(14,70): error TS7006: Parameter 'content' implicitly has an 'any' type.
[10:24:47.970] src/pages/TruthOrDare/main.tsx(3,8): error TS1192: Module '"/vercel/path0/src/pages/TruthOrDare/App"' has no default export.
[10:24:47.971] src/pages/WouldYouRather/App.tsx(3,46): error TS2305: Module '"lucide-react"' has no exported member 'ArrowLeft'.
[10:24:47.971] src/pages/WouldYouRather/App.tsx(3,79): error TS2305: Module '"lucide-react"' has no exported member 'Heart'.
[10:24:47.972] src/pages/WouldYouRather/App.tsx(3,86): error TS2305: Module '"lucide-react"' has no exported member 'Flame'.
[10:24:47.972] src/pages/WouldYouRather/App.tsx(3,93): error TS2305: Module '"lucide-react"' has no exported member 'Star'.
[10:24:47.972] src/pages/WouldYouRather/App.tsx(8,10): error TS6133: 'allQuestions' is declared but its value is never read.
[10:24:47.972] src/pages/WouldYouRather/App.tsx(8,62): error TS6133: 'shuffleArray' is declared but its value is never read.
[10:24:47.972] src/pages/WouldYouRather/App.tsx(107,13): error TS6133: 'currentVotes' is declared but its value is never read.
[10:24:47.972] src/pages/WouldYouRather/App.tsx(120,30): error TS6133: 'question' is declared but its value is never read.
[10:24:47.972] src/pages/WouldYouRather/App.tsx(124,9): error TS6133: 'handleOnlineGame' is declared but its value is never read.
[10:24:47.972] src/pages/WouldYouRather/App.tsx(128,9): error TS6133: 'handleOfflineGame' is declared but its value is never read.
[10:24:47.972] src/pages/WouldYouRather/App.tsx(316,46): error TS2345: Argument of type '"mixed"' is not assignable to parameter of type 'GameMode | undefined'.
[10:24:47.972] src/pages/WouldYouRather/components/ChaosButton.tsx(3,23): error TS2305: Module '"lucide-react"' has no exported member 'Dice6'.
[10:24:47.972] src/pages/WouldYouRather/components/ChaosMasterWheel.tsx(881,31): error TS6133: 'player' is declared but its value is never read.
[10:24:47.972] src/pages/WouldYouRather/components/ChoiceCard.tsx(1,1): error TS6133: 'React' is declared but its value is never read.
[10:24:47.972] src/pages/WouldYouRather/components/ChoiceCard.tsx(19,3): error TS6133: 'isAnswer' is declared but its value is never read.
[10:24:47.972] src/pages/WouldYouRather/components/CustomQuestionForm.tsx(18,9): error TS2561: Object literal may only specify known properties, but 'optionA' does not exist in type 'Question'. Did you mean to write 'option1'?
[10:24:47.972] src/pages/WouldYouRather/components/FriendGameModes.tsx(2,10): error TS6133: 'Users' is declared but its value is never read.
[10:24:47.972] src/pages/WouldYouRather/components/FriendGameModes.tsx(2,17): error TS2305: Module '"lucide-react"' has no exported member 'Wifi'.
[10:24:47.972] src/pages/WouldYouRather/components/FriendGameModes.tsx(2,23): error TS2305: Module '"lucide-react"' has no exported member 'WifiOff'.
[10:24:47.972] src/pages/WouldYouRather/components/GameCard.tsx(3,10): error TS2305: Module '"lucide-react"' has no exported member 'LucideIcon'.
[10:24:47.972] src/pages/WouldYouRather/components/GameCard.tsx(20,3): error TS6133: 'questionType' is declared but its value is never read.
[10:24:47.972] src/pages/WouldYouRather/components/OfflineGameSetup.tsx(3,26): error TS2305: Module '"lucide-react"' has no exported member 'Play'.
[10:24:47.972] src/pages/WouldYouRather/components/OfflineGameSetup.tsx(3,32): error TS2305: Module '"lucide-react"' has no exported member 'ArrowLeft'.
[10:24:47.972] src/pages/WouldYouRather/components/OfflineGameSetup.tsx(9,1): error TS6133: 'Question' is declared but its value is never read.
[10:24:47.973] src/pages/WouldYouRather/components/OfflineGameSetup.tsx(31,13): error TS2339: Property 'error' does not exist on type 'typeof import("react-hot-toast")'.
[10:24:47.973] src/pages/WouldYouRather/components/OfflineGameSetup.tsx(41,15): error TS2339: Property 'error' does not exist on type 'typeof import("react-hot-toast")'.
[10:24:47.973] src/pages/WouldYouRather/components/OfflineGameSetup.tsx(67,13): error TS2339: Property 'error' does not exist on type 'typeof import("react-hot-toast")'.
[10:24:47.973] src/pages/WouldYouRather/components/ShareButton.tsx(1,10): error TS2305: Module '"lucide-react"' has no exported member 'Share2'.
[10:24:47.973] src/pages/WouldYouRather/components/ShareButton.tsx(23,15): error TS2339: Property 'success' does not exist on type 'typeof import("react-hot-toast")'.
[10:24:47.973] src/pages/WouldYouRather/components/ShareButton.tsx(26,13): error TS2339: Property 'error' does not exist on type 'typeof import("react-hot-toast")'.
[10:24:47.973] src/pages/WouldYouRather/components/Timer.tsx(3,10): error TS2305: Module '"lucide-react"' has no exported member 'TimerIcon'.
[10:24:47.973] src/pages/WouldYouRather/components/Timer.tsx(3,21): error TS2305: Module '"lucide-react"' has no exported member 'PlayIcon'.
[10:24:47.974] src/pages/WouldYouRather/components/Timer.tsx(3,31): error TS2305: Module '"lucide-react"' has no exported member 'PauseIcon'.
[10:24:48.005] Error: Command "npm run build" exited with 2
[10:24:48.206] 